[2025-07-29 23:21:30] MySQL 驱动不可用
[2025-07-29 23:23:46] MySQL 驱动不可用
[2025-07-29 23:25:46] MySQL 驱动不可用
[2025-07-29 23:27:16] MySQL 驱动不可用
[2025-07-31 19:02:36] SQL准备失败: You have an error in your SQL syntax; check the manual that corresponds to your MySQL server version for the right syntax to use near '-10' at line 1 QMYSQL: Unable to prepare statement
SQL: SELECT t.task_id, t.task_name, pu.unit_name, cs.station_name, p.protocol_name, t.start_time, CASE t.status WHEN 0 THEN '未开始' WHEN 1 THEN '进行中' WHEN 2 THEN '已完成' WHEN 3 THEN '失败' END FROM test_task t JOIN participate_unit pu ON t.unit_id = pu.unit_id JOIN control_station cs ON t.station_id = cs.station_id JOIN protocol p ON t.protocol_id = p.protocol_id LIMIT 10 OFFSET -10
[2025-07-31 19:02:38] SQL准备失败: You have an error in your SQL syntax; check the manual that corresponds to your MySQL server version for the right syntax to use near '-10' at line 1 QMYSQL: Unable to prepare statement
SQL: SELECT t.task_id, t.task_name, pu.unit_name, cs.station_name, p.protocol_name, t.start_time, CASE t.status WHEN 0 THEN '未开始' WHEN 1 THEN '进行中' WHEN 2 THEN '已完成' WHEN 3 THEN '失败' END FROM test_task t JOIN participate_unit pu ON t.unit_id = pu.unit_id JOIN control_station cs ON t.station_id = cs.station_id JOIN protocol p ON t.protocol_id = p.protocol_id LIMIT 10 OFFSET -10
[2025-07-31 19:02:39] SQL准备失败: You have an error in your SQL syntax; check the manual that corresponds to your MySQL server version for the right syntax to use near '-10' at line 1 QMYSQL: Unable to prepare statement
SQL: SELECT t.task_id, t.task_name, pu.unit_name, cs.station_name, p.protocol_name, t.start_time, CASE t.status WHEN 0 THEN '未开始' WHEN 1 THEN '进行中' WHEN 2 THEN '已完成' WHEN 3 THEN '失败' END FROM test_task t JOIN participate_unit pu ON t.unit_id = pu.unit_id JOIN control_station cs ON t.station_id = cs.station_id JOIN protocol p ON t.protocol_id = p.protocol_id LIMIT 10 OFFSET -10
[2025-07-31 19:02:41] SQL准备失败: You have an error in your SQL syntax; check the manual that corresponds to your MySQL server version for the right syntax to use near '-10' at line 1 QMYSQL: Unable to prepare statement
SQL: SELECT t.task_id, t.task_name, pu.unit_name, cs.station_name, p.protocol_name, t.start_time, CASE t.status WHEN 0 THEN '未开始' WHEN 1 THEN '进行中' WHEN 2 THEN '已完成' WHEN 3 THEN '失败' END FROM test_task t JOIN participate_unit pu ON t.unit_id = pu.unit_id JOIN control_station cs ON t.station_id = cs.station_id JOIN protocol p ON t.protocol_id = p.protocol_id LIMIT 10 OFFSET -10
[2025-07-31 19:02:42] SQL准备失败: You have an error in your SQL syntax; check the manual that corresponds to your MySQL server version for the right syntax to use near '-10' at line 1 QMYSQL: Unable to prepare statement
SQL: SELECT t.task_id, t.task_name, pu.unit_name, cs.station_name, p.protocol_name, t.start_time, CASE t.status WHEN 0 THEN '未开始' WHEN 1 THEN '进行中' WHEN 2 THEN '已完成' WHEN 3 THEN '失败' END FROM test_task t JOIN participate_unit pu ON t.unit_id = pu.unit_id JOIN control_station cs ON t.station_id = cs.station_id JOIN protocol p ON t.protocol_id = p.protocol_id LIMIT 10 OFFSET -10
[2025-07-31 19:02:44] SQL准备失败: You have an error in your SQL syntax; check the manual that corresponds to your MySQL server version for the right syntax to use near '-10' at line 1 QMYSQL: Unable to prepare statement
SQL: SELECT t.task_id, t.task_name, pu.unit_name, cs.station_name, p.protocol_name, t.start_time, CASE t.status WHEN 0 THEN '未开始' WHEN 1 THEN '进行中' WHEN 2 THEN '已完成' WHEN 3 THEN '失败' END FROM test_task t JOIN participate_unit pu ON t.unit_id = pu.unit_id JOIN control_station cs ON t.station_id = cs.station_id JOIN protocol p ON t.protocol_id = p.protocol_id LIMIT 10 OFFSET -10
[2025-07-31 19:02:46] SQL准备失败: You have an error in your SQL syntax; check the manual that corresponds to your MySQL server version for the right syntax to use near '-10' at line 1 QMYSQL: Unable to prepare statement
SQL: SELECT t.task_id, t.task_name, pu.unit_name, cs.station_name, p.protocol_name, t.start_time, CASE t.status WHEN 0 THEN '未开始' WHEN 1 THEN '进行中' WHEN 2 THEN '已完成' WHEN 3 THEN '失败' END FROM test_task t JOIN participate_unit pu ON t.unit_id = pu.unit_id JOIN control_station cs ON t.station_id = cs.station_id JOIN protocol p ON t.protocol_id = p.protocol_id LIMIT 10 OFFSET -10
[2025-07-31 19:02:48] SQL准备失败: You have an error in your SQL syntax; check the manual that corresponds to your MySQL server version for the right syntax to use near '-10' at line 1 QMYSQL: Unable to prepare statement
SQL: SELECT t.task_id, t.task_name, pu.unit_name, cs.station_name, p.protocol_name, t.start_time, CASE t.status WHEN 0 THEN '未开始' WHEN 1 THEN '进行中' WHEN 2 THEN '已完成' WHEN 3 THEN '失败' END FROM test_task t JOIN participate_unit pu ON t.unit_id = pu.unit_id JOIN control_station cs ON t.station_id = cs.station_id JOIN protocol p ON t.protocol_id = p.protocol_id LIMIT 10 OFFSET -10
[2025-07-31 19:02:49] SQL准备失败: You have an error in your SQL syntax; check the manual that corresponds to your MySQL server version for the right syntax to use near '-10' at line 1 QMYSQL: Unable to prepare statement
SQL: SELECT t.task_id, t.task_name, pu.unit_name, cs.station_name, p.protocol_name, t.start_time, CASE t.status WHEN 0 THEN '未开始' WHEN 1 THEN '进行中' WHEN 2 THEN '已完成' WHEN 3 THEN '失败' END FROM test_task t JOIN participate_unit pu ON t.unit_id = pu.unit_id JOIN control_station cs ON t.station_id = cs.station_id JOIN protocol p ON t.protocol_id = p.protocol_id LIMIT 10 OFFSET -10
[2025-07-31 19:02:51] SQL准备失败: You have an error in your SQL syntax; check the manual that corresponds to your MySQL server version for the right syntax to use near '-10' at line 1 QMYSQL: Unable to prepare statement
SQL: SELECT t.task_id, t.task_name, pu.unit_name, cs.station_name, p.protocol_name, t.start_time, CASE t.status WHEN 0 THEN '未开始' WHEN 1 THEN '进行中' WHEN 2 THEN '已完成' WHEN 3 THEN '失败' END FROM test_task t JOIN participate_unit pu ON t.unit_id = pu.unit_id JOIN control_station cs ON t.station_id = cs.station_id JOIN protocol p ON t.protocol_id = p.protocol_id LIMIT 10 OFFSET -10
[2025-07-31 19:02:55] SQL准备失败: You have an error in your SQL syntax; check the manual that corresponds to your MySQL server version for the right syntax to use near '-10' at line 1 QMYSQL: Unable to prepare statement
SQL: SELECT t.task_id, t.task_name, pu.unit_name, cs.station_name, p.protocol_name, t.start_time, CASE t.status WHEN 0 THEN '未开始' WHEN 1 THEN '进行中' WHEN 2 THEN '已完成' WHEN 3 THEN '失败' END FROM test_task t JOIN participate_unit pu ON t.unit_id = pu.unit_id JOIN control_station cs ON t.station_id = cs.station_id JOIN protocol p ON t.protocol_id = p.protocol_id LIMIT 10 OFFSET -10
[2025-07-31 19:03:01] SQL准备失败: You have an error in your SQL syntax; check the manual that corresponds to your MySQL server version for the right syntax to use near '-10' at line 1 QMYSQL: Unable to prepare statement
SQL: SELECT t.task_id, t.task_name, pu.unit_name, cs.station_name, p.protocol_name, t.start_time, CASE t.status WHEN 0 THEN '未开始' WHEN 1 THEN '进行中' WHEN 2 THEN '已完成' WHEN 3 THEN '失败' END FROM test_task t JOIN participate_unit pu ON t.unit_id = pu.unit_id JOIN control_station cs ON t.station_id = cs.station_id JOIN protocol p ON t.protocol_id = p.protocol_id LIMIT 10 OFFSET -10
[2025-07-31 21:15:58] SQL准备失败: You have an error in your SQL syntax; check the manual that corresponds to your MySQL server version for the right syntax to use near '-10' at line 1 QMYSQL: Unable to prepare statement
SQL: SELECT t.task_id, t.task_name, pu.unit_name, cs.station_name, p.protocol_name, t.start_time, CASE t.status WHEN 0 THEN '未开始' WHEN 1 THEN '进行中' WHEN 2 THEN '已完成' WHEN 3 THEN '失败' END FROM test_task t JOIN participate_unit pu ON t.unit_id = pu.unit_id JOIN control_station cs ON t.station_id = cs.station_id JOIN protocol p ON t.protocol_id = p.protocol_id LIMIT 10 OFFSET -10
[2025-07-31 21:16:00] SQL准备失败: You have an error in your SQL syntax; check the manual that corresponds to your MySQL server version for the right syntax to use near '-10' at line 1 QMYSQL: Unable to prepare statement
SQL: SELECT t.task_id, t.task_name, pu.unit_name, cs.station_name, p.protocol_name, t.start_time, CASE t.status WHEN 0 THEN '未开始' WHEN 1 THEN '进行中' WHEN 2 THEN '已完成' WHEN 3 THEN '失败' END FROM test_task t JOIN participate_unit pu ON t.unit_id = pu.unit_id JOIN control_station cs ON t.station_id = cs.station_id JOIN protocol p ON t.protocol_id = p.protocol_id LIMIT 10 OFFSET -10
[2025-07-31 21:16:04] SQL准备失败: You have an error in your SQL syntax; check the manual that corresponds to your MySQL server version for the right syntax to use near '-10' at line 1 QMYSQL: Unable to prepare statement
SQL: SELECT t.task_id, t.task_name, pu.unit_name, cs.station_name, p.protocol_name, t.start_time, CASE t.status WHEN 0 THEN '未开始' WHEN 1 THEN '进行中' WHEN 2 THEN '已完成' WHEN 3 THEN '失败' END FROM test_task t JOIN participate_unit pu ON t.unit_id = pu.unit_id JOIN control_station cs ON t.station_id = cs.station_id JOIN protocol p ON t.protocol_id = p.protocol_id LIMIT 10 OFFSET -10
[2025-07-31 21:16:06] SQL准备失败: You have an error in your SQL syntax; check the manual that corresponds to your MySQL server version for the right syntax to use near '-10' at line 1 QMYSQL: Unable to prepare statement
SQL: SELECT t.task_id, t.task_name, pu.unit_name, cs.station_name, p.protocol_name, t.start_time, CASE t.status WHEN 0 THEN '未开始' WHEN 1 THEN '进行中' WHEN 2 THEN '已完成' WHEN 3 THEN '失败' END FROM test_task t JOIN participate_unit pu ON t.unit_id = pu.unit_id JOIN control_station cs ON t.station_id = cs.station_id JOIN protocol p ON t.protocol_id = p.protocol_id LIMIT 10 OFFSET -10
[2025-07-31 21:16:07] SQL准备失败: You have an error in your SQL syntax; check the manual that corresponds to your MySQL server version for the right syntax to use near '-10' at line 1 QMYSQL: Unable to prepare statement
SQL: SELECT t.task_id, t.task_name, pu.unit_name, cs.station_name, p.protocol_name, t.start_time, CASE t.status WHEN 0 THEN '未开始' WHEN 1 THEN '进行中' WHEN 2 THEN '已完成' WHEN 3 THEN '失败' END FROM test_task t JOIN participate_unit pu ON t.unit_id = pu.unit_id JOIN control_station cs ON t.station_id = cs.station_id JOIN protocol p ON t.protocol_id = p.protocol_id LIMIT 10 OFFSET -10
[2025-07-31 21:16:08] SQL准备失败: You have an error in your SQL syntax; check the manual that corresponds to your MySQL server version for the right syntax to use near '-10' at line 1 QMYSQL: Unable to prepare statement
SQL: SELECT t.task_id, t.task_name, pu.unit_name, cs.station_name, p.protocol_name, t.start_time, CASE t.status WHEN 0 THEN '未开始' WHEN 1 THEN '进行中' WHEN 2 THEN '已完成' WHEN 3 THEN '失败' END FROM test_task t JOIN participate_unit pu ON t.unit_id = pu.unit_id JOIN control_station cs ON t.station_id = cs.station_id JOIN protocol p ON t.protocol_id = p.protocol_id LIMIT 10 OFFSET -10
[2025-07-31 21:16:10] SQL准备失败: You have an error in your SQL syntax; check the manual that corresponds to your MySQL server version for the right syntax to use near '-10' at line 1 QMYSQL: Unable to prepare statement
SQL: SELECT t.task_id, t.task_name, pu.unit_name, cs.station_name, p.protocol_name, t.start_time, CASE t.status WHEN 0 THEN '未开始' WHEN 1 THEN '进行中' WHEN 2 THEN '已完成' WHEN 3 THEN '失败' END FROM test_task t JOIN participate_unit pu ON t.unit_id = pu.unit_id JOIN control_station cs ON t.station_id = cs.station_id JOIN protocol p ON t.protocol_id = p.protocol_id LIMIT 10 OFFSET -10
[2025-07-31 21:16:12] SQL准备失败: You have an error in your SQL syntax; check the manual that corresponds to your MySQL server version for the right syntax to use near '-10' at line 1 QMYSQL: Unable to prepare statement
SQL: SELECT t.task_id, t.task_name, pu.unit_name, cs.station_name, p.protocol_name, t.start_time, CASE t.status WHEN 0 THEN '未开始' WHEN 1 THEN '进行中' WHEN 2 THEN '已完成' WHEN 3 THEN '失败' END FROM test_task t JOIN participate_unit pu ON t.unit_id = pu.unit_id JOIN control_station cs ON t.station_id = cs.station_id JOIN protocol p ON t.protocol_id = p.protocol_id LIMIT 10 OFFSET -10
[2025-07-31 21:16:16] SQL准备失败: You have an error in your SQL syntax; check the manual that corresponds to your MySQL server version for the right syntax to use near '-10' at line 1 QMYSQL: Unable to prepare statement
SQL: SELECT t.task_id, t.task_name, pu.unit_name, cs.station_name, p.protocol_name, t.start_time, CASE t.status WHEN 0 THEN '未开始' WHEN 1 THEN '进行中' WHEN 2 THEN '已完成' WHEN 3 THEN '失败' END FROM test_task t JOIN participate_unit pu ON t.unit_id = pu.unit_id JOIN control_station cs ON t.station_id = cs.station_id JOIN protocol p ON t.protocol_id = p.protocol_id LIMIT 10 OFFSET -10
[2025-07-31 21:25:04] SQL准备失败: You have an error in your SQL syntax; check the manual that corresponds to your MySQL server version for the right syntax to use near '-10' at line 1 QMYSQL: Unable to prepare statement
SQL: SELECT t.task_id, t.task_name, pu.unit_name, cs.station_name, p.protocol_name, t.start_time, CASE t.status WHEN 0 THEN '未开始' WHEN 1 THEN '进行中' WHEN 2 THEN '已完成' WHEN 3 THEN '失败' END FROM test_task t JOIN participate_unit pu ON t.unit_id = pu.unit_id JOIN control_station cs ON t.station_id = cs.station_id JOIN protocol p ON t.protocol_id = p.protocol_id LIMIT 10 OFFSET -10
[2025-07-31 21:25:06] SQL准备失败: You have an error in your SQL syntax; check the manual that corresponds to your MySQL server version for the right syntax to use near '-10' at line 1 QMYSQL: Unable to prepare statement
SQL: SELECT t.task_id, t.task_name, pu.unit_name, cs.station_name, p.protocol_name, t.start_time, CASE t.status WHEN 0 THEN '未开始' WHEN 1 THEN '进行中' WHEN 2 THEN '已完成' WHEN 3 THEN '失败' END FROM test_task t JOIN participate_unit pu ON t.unit_id = pu.unit_id JOIN control_station cs ON t.station_id = cs.station_id JOIN protocol p ON t.protocol_id = p.protocol_id LIMIT 10 OFFSET -10
[2025-07-31 21:25:11] SQL准备失败: You have an error in your SQL syntax; check the manual that corresponds to your MySQL server version for the right syntax to use near '-10' at line 1 QMYSQL: Unable to prepare statement
SQL: SELECT t.task_id, t.task_name, pu.unit_name, cs.station_name, p.protocol_name, t.start_time, CASE t.status WHEN 0 THEN '未开始' WHEN 1 THEN '进行中' WHEN 2 THEN '已完成' WHEN 3 THEN '失败' END FROM test_task t JOIN participate_unit pu ON t.unit_id = pu.unit_id JOIN control_station cs ON t.station_id = cs.station_id JOIN protocol p ON t.protocol_id = p.protocol_id LIMIT 10 OFFSET -10
[2025-07-31 21:37:05] SQL准备失败: You have an error in your SQL syntax; check the manual that corresponds to your MySQL server version for the right syntax to use near '-10' at line 1 QMYSQL: Unable to prepare statement
SQL: SELECT t.task_id, t.task_name, pu.unit_name, cs.station_name, p.protocol_name, t.start_time, CASE t.status WHEN 0 THEN '未开始' WHEN 1 THEN '进行中' WHEN 2 THEN '已完成' WHEN 3 THEN '失败' END FROM test_task t JOIN participate_unit pu ON t.unit_id = pu.unit_id JOIN control_station cs ON t.station_id = cs.station_id JOIN protocol p ON t.protocol_id = p.protocol_id LIMIT 10 OFFSET -10
[2025-07-31 21:37:06] SQL准备失败: You have an error in your SQL syntax; check the manual that corresponds to your MySQL server version for the right syntax to use near '-10' at line 1 QMYSQL: Unable to prepare statement
SQL: SELECT t.task_id, t.task_name, pu.unit_name, cs.station_name, p.protocol_name, t.start_time, CASE t.status WHEN 0 THEN '未开始' WHEN 1 THEN '进行中' WHEN 2 THEN '已完成' WHEN 3 THEN '失败' END FROM test_task t JOIN participate_unit pu ON t.unit_id = pu.unit_id JOIN control_station cs ON t.station_id = cs.station_id JOIN protocol p ON t.protocol_id = p.protocol_id LIMIT 10 OFFSET -10
[2025-07-31 21:37:12] SQL准备失败: You have an error in your SQL syntax; check the manual that corresponds to your MySQL server version for the right syntax to use near '-10' at line 1 QMYSQL: Unable to prepare statement
SQL: SELECT t.task_id, t.task_name, pu.unit_name, cs.station_name, p.protocol_name, t.start_time, CASE t.status WHEN 0 THEN '未开始' WHEN 1 THEN '进行中' WHEN 2 THEN '已完成' WHEN 3 THEN '失败' END FROM test_task t JOIN participate_unit pu ON t.unit_id = pu.unit_id JOIN control_station cs ON t.station_id = cs.station_id JOIN protocol p ON t.protocol_id = p.protocol_id LIMIT 10 OFFSET -10
[2025-08-01 03:33:18] SQL准备失败: Unknown column 'test_standard' in 'field list' QMYSQL: Unable to prepare statement
SQL: SELECT item_id, item_name, test_standard, CASE test_result WHEN 0 THEN '未通过' WHEN 1 THEN '通过' ELSE '未测试' END as test_result, test_time FROM test_item WHERE task_id = :taskId ORDER BY test_time DESC
[2025-08-01 03:33:20] SQL准备失败: Unknown column 'test_result' in 'field list' QMYSQL: Unable to prepare statement
SQL: SELECT report_id, test_result, pass_rate, generate_user, summary FROM test_report WHERE task_id = :taskId
[2025-08-01 03:33:28] SQL准备失败: Unknown column 'test_standard' in 'field list' QMYSQL: Unable to prepare statement
SQL: SELECT item_id, item_name, test_standard, CASE test_result WHEN 0 THEN '未通过' WHEN 1 THEN '通过' ELSE '未测试' END as test_result, test_time FROM test_item WHERE task_id = :taskId ORDER BY test_time DESC
[2025-08-01 03:33:29] SQL准备失败: Unknown column 'test_result' in 'field list' QMYSQL: Unable to prepare statement
SQL: SELECT report_id, test_result, pass_rate, generate_user, summary FROM test_report WHERE task_id = :taskId
[2025-08-01 03:44:32] SQL准备失败: Unknown column 'result' in 'field list' QMYSQL: Unable to prepare statement
SQL: SELECT report_id, result, pass_rate, generate_user, summary FROM test_report WHERE task_id = :taskId
[2025-08-01 03:44:45] SQL准备失败: Unknown column 'result' in 'field list' QMYSQL: Unable to prepare statement
SQL: SELECT report_id, result, pass_rate, generate_user, summary FROM test_report WHERE task_id = :taskId
[2025-08-01 03:47:13] SQL准备失败: Unknown column 'result' in 'field list' QMYSQL: Unable to prepare statement
SQL: SELECT report_id, result, pass_rate, generate_user, summary FROM test_report WHERE task_id = :taskId
[2025-08-01 03:50:05] SQL准备失败: Unknown column 'result' in 'field list' QMYSQL: Unable to prepare statement
SQL: SELECT report_id, result, pass_rate, generate_user, summary FROM test_report WHERE task_id = :taskId
[2025-08-01 03:50:09] SQL准备失败: Unknown column 'result' in 'field list' QMYSQL: Unable to prepare statement
SQL: SELECT report_id, result, pass_rate, generate_user, summary FROM test_report WHERE task_id = :taskId
[2025-08-01 03:50:13] SQL准备失败: Unknown column 'result' in 'field list' QMYSQL: Unable to prepare statement
SQL: SELECT report_id, result, pass_rate, generate_user, summary FROM test_report WHERE task_id = :taskId
[2025-08-01 03:59:51] SQL准备失败: Unknown column 'tr.summary' in 'field list' QMYSQL: Unable to prepare statement
SQL: SELECT tr.report_id, tr.pass_rate, tr.generate_user, tr.summary, tt.status FROM test_report tr JOIN test_task tt ON tr.task_id = tt.task_id  WHERE tr.task_id = :taskId
[2025-08-02 01:22:34] SQL准备失败: Lost connection to MySQL server during query QMYSQL: Unable to prepare statement
SQL: SELECT unit_id, unit_name FROM participate_unit WHERE is_delete = 0 ORDER BY unit_name
[2025-08-11 23:33:54] SQL准备失败: Lost connection to MySQL server during query QMYSQL: Unable to prepare statement
SQL: SELECT protocol_id, protocol_name, protocol_type, DATE_FORMAT(create_time, '%Y-%m-%d %H:%i:%s') as create_time, DATE_FORMAT(update_time, '%Y-%m-%d %H:%i:%s') as update_time FROM protocol WHERE is_delete = 0 ORDER BY update_time DESC
[2025-08-12 16:59:18] 查询SQL失败: signed integer value is out of range in 'mysqld_stmt_execute' QMYSQL: Unable to execute statement
SQL: SELECT * FROM user WHERE 1=1 ORDER BY user_id DESC LIMIT :limit OFFSET :offset
[2025-08-12 16:59:19] 查询SQL失败: signed integer value is out of range in 'mysqld_stmt_execute' QMYSQL: Unable to execute statement
SQL: SELECT * FROM user WHERE 1=1 ORDER BY user_id DESC LIMIT :limit OFFSET :offset
[2025-08-12 16:59:19] 查询SQL失败: signed integer value is out of range in 'mysqld_stmt_execute' QMYSQL: Unable to execute statement
SQL: SELECT * FROM user WHERE 1=1 ORDER BY user_id DESC LIMIT :limit OFFSET :offset
[2025-08-12 16:59:20] 查询SQL失败: signed integer value is out of range in 'mysqld_stmt_execute' QMYSQL: Unable to execute statement
SQL: SELECT * FROM user WHERE 1=1 ORDER BY user_id DESC LIMIT :limit OFFSET :offset
[2025-08-12 16:59:21] 查询SQL失败: signed integer value is out of range in 'mysqld_stmt_execute' QMYSQL: Unable to execute statement
SQL: SELECT * FROM user WHERE 1=1 ORDER BY user_id DESC LIMIT :limit OFFSET :offset
[2025-08-12 16:59:21] 查询SQL失败: signed integer value is out of range in 'mysqld_stmt_execute' QMYSQL: Unable to execute statement
SQL: SELECT * FROM user WHERE 1=1 ORDER BY user_id DESC LIMIT :limit OFFSET :offset
[2025-08-12 16:59:22] 查询SQL失败: signed integer value is out of range in 'mysqld_stmt_execute' QMYSQL: Unable to execute statement
SQL: SELECT * FROM user WHERE 1=1 ORDER BY user_id DESC LIMIT :limit OFFSET :offset
[2025-08-12 16:59:23] 查询SQL失败: signed integer value is out of range in 'mysqld_stmt_execute' QMYSQL: Unable to execute statement
SQL: SELECT * FROM user WHERE 1=1 ORDER BY user_id DESC LIMIT :limit OFFSET :offset
[2025-08-12 16:59:23] 查询SQL失败: signed integer value is out of range in 'mysqld_stmt_execute' QMYSQL: Unable to execute statement
SQL: SELECT * FROM user WHERE 1=1 ORDER BY user_id DESC LIMIT :limit OFFSET :offset
[2025-08-12 16:59:24] 查询SQL失败: signed integer value is out of range in 'mysqld_stmt_execute' QMYSQL: Unable to execute statement
SQL: SELECT * FROM user WHERE 1=1 ORDER BY user_id DESC LIMIT :limit OFFSET :offset
[2025-08-12 16:59:24] 查询SQL失败: signed integer value is out of range in 'mysqld_stmt_execute' QMYSQL: Unable to execute statement
SQL: SELECT * FROM user WHERE 1=1 ORDER BY user_id DESC LIMIT :limit OFFSET :offset
[2025-08-12 16:59:25] 查询SQL失败: signed integer value is out of range in 'mysqld_stmt_execute' QMYSQL: Unable to execute statement
SQL: SELECT * FROM user WHERE 1=1 ORDER BY user_id DESC LIMIT :limit OFFSET :offset
[2025-08-12 16:59:26] 查询SQL失败: signed integer value is out of range in 'mysqld_stmt_execute' QMYSQL: Unable to execute statement
SQL: SELECT * FROM user WHERE 1=1 ORDER BY user_id DESC LIMIT :limit OFFSET :offset
[2025-08-12 16:59:26] 查询SQL失败: signed integer value is out of range in 'mysqld_stmt_execute' QMYSQL: Unable to execute statement
SQL: SELECT * FROM user WHERE 1=1 ORDER BY user_id DESC LIMIT :limit OFFSET :offset
[2025-08-12 16:59:27] 查询SQL失败: signed integer value is out of range in 'mysqld_stmt_execute' QMYSQL: Unable to execute statement
SQL: SELECT * FROM user WHERE 1=1 ORDER BY user_id DESC LIMIT :limit OFFSET :offset
[2025-08-12 16:59:28] 查询SQL失败: signed integer value is out of range in 'mysqld_stmt_execute' QMYSQL: Unable to execute statement
SQL: SELECT * FROM user WHERE 1=1 ORDER BY user_id DESC LIMIT :limit OFFSET :offset
[2025-08-12 16:59:28] 查询SQL失败: signed integer value is out of range in 'mysqld_stmt_execute' QMYSQL: Unable to execute statement
SQL: SELECT * FROM user WHERE 1=1 ORDER BY user_id DESC LIMIT :limit OFFSET :offset
[2025-08-12 16:59:29] 查询SQL失败: signed integer value is out of range in 'mysqld_stmt_execute' QMYSQL: Unable to execute statement
SQL: SELECT * FROM user WHERE 1=1 ORDER BY user_id DESC LIMIT :limit OFFSET :offset
[2025-08-12 16:59:30] 查询SQL失败: signed integer value is out of range in 'mysqld_stmt_execute' QMYSQL: Unable to execute statement
SQL: SELECT * FROM user WHERE 1=1 ORDER BY user_id DESC LIMIT :limit OFFSET :offset
[2025-08-12 16:59:30] 查询SQL失败: signed integer value is out of range in 'mysqld_stmt_execute' QMYSQL: Unable to execute statement
SQL: SELECT * FROM user WHERE 1=1 ORDER BY user_id DESC LIMIT :limit OFFSET :offset
[2025-08-12 16:59:31] 查询SQL失败: signed integer value is out of range in 'mysqld_stmt_execute' QMYSQL: Unable to execute statement
SQL: SELECT * FROM user WHERE 1=1 ORDER BY user_id DESC LIMIT :limit OFFSET :offset
[2025-08-12 16:59:32] 查询SQL失败: signed integer value is out of range in 'mysqld_stmt_execute' QMYSQL: Unable to execute statement
SQL: SELECT * FROM user WHERE 1=1 ORDER BY user_id DESC LIMIT :limit OFFSET :offset
[2025-08-12 16:59:32] 查询SQL失败: signed integer value is out of range in 'mysqld_stmt_execute' QMYSQL: Unable to execute statement
SQL: SELECT * FROM user WHERE 1=1 ORDER BY user_id DESC LIMIT :limit OFFSET :offset
[2025-08-12 16:59:33] 查询SQL失败: signed integer value is out of range in 'mysqld_stmt_execute' QMYSQL: Unable to execute statement
SQL: SELECT * FROM user WHERE 1=1 ORDER BY user_id DESC LIMIT :limit OFFSET :offset
[2025-08-12 16:59:34] 查询SQL失败: signed integer value is out of range in 'mysqld_stmt_execute' QMYSQL: Unable to execute statement
SQL: SELECT * FROM user WHERE 1=1 ORDER BY user_id DESC LIMIT :limit OFFSET :offset
[2025-08-12 16:59:34] 查询SQL失败: signed integer value is out of range in 'mysqld_stmt_execute' QMYSQL: Unable to execute statement
SQL: SELECT * FROM user WHERE 1=1 ORDER BY user_id DESC LIMIT :limit OFFSET :offset
[2025-08-12 16:59:35] 查询SQL失败: signed integer value is out of range in 'mysqld_stmt_execute' QMYSQL: Unable to execute statement
SQL: SELECT * FROM user WHERE 1=1 ORDER BY user_id DESC LIMIT :limit OFFSET :offset
[2025-08-12 16:59:35] 查询SQL失败: signed integer value is out of range in 'mysqld_stmt_execute' QMYSQL: Unable to execute statement
SQL: SELECT * FROM user WHERE 1=1 ORDER BY user_id DESC LIMIT :limit OFFSET :offset
[2025-08-12 16:59:36] 查询SQL失败: signed integer value is out of range in 'mysqld_stmt_execute' QMYSQL: Unable to execute statement
SQL: SELECT * FROM user WHERE 1=1 ORDER BY user_id DESC LIMIT :limit OFFSET :offset
[2025-08-12 16:59:37] 查询SQL失败: signed integer value is out of range in 'mysqld_stmt_execute' QMYSQL: Unable to execute statement
SQL: SELECT * FROM user WHERE 1=1 ORDER BY user_id DESC LIMIT :limit OFFSET :offset
[2025-08-12 16:59:37] 查询SQL失败: signed integer value is out of range in 'mysqld_stmt_execute' QMYSQL: Unable to execute statement
SQL: SELECT * FROM user WHERE 1=1 ORDER BY user_id DESC LIMIT :limit OFFSET :offset
[2025-08-12 16:59:38] 查询SQL失败: signed integer value is out of range in 'mysqld_stmt_execute' QMYSQL: Unable to execute statement
SQL: SELECT * FROM user WHERE 1=1 ORDER BY user_id DESC LIMIT :limit OFFSET :offset
[2025-08-12 16:59:39] 查询SQL失败: signed integer value is out of range in 'mysqld_stmt_execute' QMYSQL: Unable to execute statement
SQL: SELECT * FROM user WHERE 1=1 ORDER BY user_id DESC LIMIT :limit OFFSET :offset
[2025-08-12 16:59:39] 查询SQL失败: signed integer value is out of range in 'mysqld_stmt_execute' QMYSQL: Unable to execute statement
SQL: SELECT * FROM user WHERE 1=1 ORDER BY user_id DESC LIMIT :limit OFFSET :offset
[2025-08-12 16:59:40] 查询SQL失败: signed integer value is out of range in 'mysqld_stmt_execute' QMYSQL: Unable to execute statement
SQL: SELECT * FROM user WHERE 1=1 ORDER BY user_id DESC LIMIT :limit OFFSET :offset
[2025-08-12 16:59:41] 查询SQL失败: signed integer value is out of range in 'mysqld_stmt_execute' QMYSQL: Unable to execute statement
SQL: SELECT * FROM user WHERE 1=1 ORDER BY user_id DESC LIMIT :limit OFFSET :offset
[2025-08-12 16:59:41] 查询SQL失败: signed integer value is out of range in 'mysqld_stmt_execute' QMYSQL: Unable to execute statement
SQL: SELECT * FROM user WHERE 1=1 ORDER BY user_id DESC LIMIT :limit OFFSET :offset
[2025-08-12 16:59:42] 查询SQL失败: signed integer value is out of range in 'mysqld_stmt_execute' QMYSQL: Unable to execute statement
SQL: SELECT * FROM user WHERE 1=1 ORDER BY user_id DESC LIMIT :limit OFFSET :offset
[2025-08-12 16:59:42] 查询SQL失败: signed integer value is out of range in 'mysqld_stmt_execute' QMYSQL: Unable to execute statement
SQL: SELECT * FROM user WHERE 1=1 ORDER BY user_id DESC LIMIT :limit OFFSET :offset
[2025-08-12 16:59:43] 查询SQL失败: signed integer value is out of range in 'mysqld_stmt_execute' QMYSQL: Unable to execute statement
SQL: SELECT * FROM user WHERE 1=1 ORDER BY user_id DESC LIMIT :limit OFFSET :offset
[2025-08-12 16:59:44] 查询SQL失败: signed integer value is out of range in 'mysqld_stmt_execute' QMYSQL: Unable to execute statement
SQL: SELECT * FROM user WHERE 1=1 ORDER BY user_id DESC LIMIT :limit OFFSET :offset
[2025-08-12 16:59:44] 查询SQL失败: signed integer value is out of range in 'mysqld_stmt_execute' QMYSQL: Unable to execute statement
SQL: SELECT * FROM user WHERE 1=1 ORDER BY user_id DESC LIMIT :limit OFFSET :offset
[2025-08-12 16:59:45] 查询SQL失败: signed integer value is out of range in 'mysqld_stmt_execute' QMYSQL: Unable to execute statement
SQL: SELECT * FROM user WHERE 1=1 ORDER BY user_id DESC LIMIT :limit OFFSET :offset
[2025-08-12 16:59:46] 查询SQL失败: signed integer value is out of range in 'mysqld_stmt_execute' QMYSQL: Unable to execute statement
SQL: SELECT * FROM user WHERE 1=1 ORDER BY user_id DESC LIMIT :limit OFFSET :offset
[2025-08-12 17:14:39] 查询SQL失败: signed integer value is out of range in 'mysqld_stmt_execute' QMYSQL: Unable to execute statement
SQL: SELECT * FROM user WHERE 1=1 ORDER BY user_id DESC LIMIT :limit OFFSET :offset
[2025-08-12 17:14:40] 查询SQL失败: signed integer value is out of range in 'mysqld_stmt_execute' QMYSQL: Unable to execute statement
SQL: SELECT * FROM user WHERE 1=1 ORDER BY user_id DESC LIMIT :limit OFFSET :offset
[2025-08-12 17:14:40] 查询SQL失败: signed integer value is out of range in 'mysqld_stmt_execute' QMYSQL: Unable to execute statement
SQL: SELECT * FROM user WHERE 1=1 ORDER BY user_id DESC LIMIT :limit OFFSET :offset
[2025-08-12 17:14:41] 查询SQL失败: signed integer value is out of range in 'mysqld_stmt_execute' QMYSQL: Unable to execute statement
SQL: SELECT * FROM user WHERE 1=1 ORDER BY user_id DESC LIMIT :limit OFFSET :offset
[2025-08-12 17:14:42] 查询SQL失败: signed integer value is out of range in 'mysqld_stmt_execute' QMYSQL: Unable to execute statement
SQL: SELECT * FROM user WHERE 1=1 ORDER BY user_id DESC LIMIT :limit OFFSET :offset
[2025-08-12 17:14:42] 查询SQL失败: signed integer value is out of range in 'mysqld_stmt_execute' QMYSQL: Unable to execute statement
SQL: SELECT * FROM user WHERE 1=1 ORDER BY user_id DESC LIMIT :limit OFFSET :offset
[2025-08-12 17:14:43] 查询SQL失败: signed integer value is out of range in 'mysqld_stmt_execute' QMYSQL: Unable to execute statement
SQL: SELECT * FROM user WHERE 1=1 ORDER BY user_id DESC LIMIT :limit OFFSET :offset
[2025-08-12 17:14:44] 查询SQL失败: signed integer value is out of range in 'mysqld_stmt_execute' QMYSQL: Unable to execute statement
SQL: SELECT * FROM user WHERE 1=1 ORDER BY user_id DESC LIMIT :limit OFFSET :offset
[2025-08-12 17:14:44] 查询SQL失败: signed integer value is out of range in 'mysqld_stmt_execute' QMYSQL: Unable to execute statement
SQL: SELECT * FROM user WHERE 1=1 ORDER BY user_id DESC LIMIT :limit OFFSET :offset
[2025-08-12 17:14:45] 查询SQL失败: signed integer value is out of range in 'mysqld_stmt_execute' QMYSQL: Unable to execute statement
SQL: SELECT * FROM user WHERE 1=1 ORDER BY user_id DESC LIMIT :limit OFFSET :offset
[2025-08-12 17:14:46] 查询SQL失败: signed integer value is out of range in 'mysqld_stmt_execute' QMYSQL: Unable to execute statement
SQL: SELECT * FROM user WHERE 1=1 ORDER BY user_id DESC LIMIT :limit OFFSET :offset
[2025-08-12 17:14:46] 查询SQL失败: signed integer value is out of range in 'mysqld_stmt_execute' QMYSQL: Unable to execute statement
SQL: SELECT * FROM user WHERE 1=1 ORDER BY user_id DESC LIMIT :limit OFFSET :offset
[2025-08-12 17:14:47] 查询SQL失败: signed integer value is out of range in 'mysqld_stmt_execute' QMYSQL: Unable to execute statement
SQL: SELECT * FROM user WHERE 1=1 ORDER BY user_id DESC LIMIT :limit OFFSET :offset
[2025-08-12 17:14:48] 查询SQL失败: signed integer value is out of range in 'mysqld_stmt_execute' QMYSQL: Unable to execute statement
SQL: SELECT * FROM user WHERE 1=1 ORDER BY user_id DESC LIMIT :limit OFFSET :offset
[2025-08-12 17:14:48] 查询SQL失败: signed integer value is out of range in 'mysqld_stmt_execute' QMYSQL: Unable to execute statement
SQL: SELECT * FROM user WHERE 1=1 ORDER BY user_id DESC LIMIT :limit OFFSET :offset
[2025-08-12 17:14:49] 查询SQL失败: signed integer value is out of range in 'mysqld_stmt_execute' QMYSQL: Unable to execute statement
SQL: SELECT * FROM user WHERE 1=1 ORDER BY user_id DESC LIMIT :limit OFFSET :offset
[2025-08-12 17:14:50] 查询SQL失败: signed integer value is out of range in 'mysqld_stmt_execute' QMYSQL: Unable to execute statement
SQL: SELECT * FROM user WHERE 1=1 ORDER BY user_id DESC LIMIT :limit OFFSET :offset
[2025-08-12 17:14:50] 查询SQL失败: signed integer value is out of range in 'mysqld_stmt_execute' QMYSQL: Unable to execute statement
SQL: SELECT * FROM user WHERE 1=1 ORDER BY user_id DESC LIMIT :limit OFFSET :offset
[2025-08-12 17:14:51] 查询SQL失败: signed integer value is out of range in 'mysqld_stmt_execute' QMYSQL: Unable to execute statement
SQL: SELECT * FROM user WHERE 1=1 ORDER BY user_id DESC LIMIT :limit OFFSET :offset
[2025-08-12 17:14:51] 查询SQL失败: signed integer value is out of range in 'mysqld_stmt_execute' QMYSQL: Unable to execute statement
SQL: SELECT * FROM user WHERE 1=1 ORDER BY user_id DESC LIMIT :limit OFFSET :offset
[2025-08-12 17:14:52] 查询SQL失败: signed integer value is out of range in 'mysqld_stmt_execute' QMYSQL: Unable to execute statement
SQL: SELECT * FROM user WHERE 1=1 ORDER BY user_id DESC LIMIT :limit OFFSET :offset
[2025-08-12 17:14:53] 查询SQL失败: signed integer value is out of range in 'mysqld_stmt_execute' QMYSQL: Unable to execute statement
SQL: SELECT * FROM user WHERE 1=1 ORDER BY user_id DESC LIMIT :limit OFFSET :offset
[2025-08-12 17:14:54] 查询SQL失败: signed integer value is out of range in 'mysqld_stmt_execute' QMYSQL: Unable to execute statement
SQL: SELECT * FROM user WHERE 1=1 ORDER BY user_id DESC LIMIT :limit OFFSET :offset
[2025-08-12 17:14:54] 查询SQL失败: signed integer value is out of range in 'mysqld_stmt_execute' QMYSQL: Unable to execute statement
SQL: SELECT * FROM user WHERE 1=1 ORDER BY user_id DESC LIMIT :limit OFFSET :offset
[2025-08-12 17:14:55] 查询SQL失败: signed integer value is out of range in 'mysqld_stmt_execute' QMYSQL: Unable to execute statement
SQL: SELECT * FROM user WHERE 1=1 ORDER BY user_id DESC LIMIT :limit OFFSET :offset
[2025-08-12 17:14:56] 查询SQL失败: signed integer value is out of range in 'mysqld_stmt_execute' QMYSQL: Unable to execute statement
SQL: SELECT * FROM user WHERE 1=1 ORDER BY user_id DESC LIMIT :limit OFFSET :offset
[2025-08-12 17:14:56] 查询SQL失败: signed integer value is out of range in 'mysqld_stmt_execute' QMYSQL: Unable to execute statement
SQL: SELECT * FROM user WHERE 1=1 ORDER BY user_id DESC LIMIT :limit OFFSET :offset
[2025-08-12 17:14:57] 查询SQL失败: signed integer value is out of range in 'mysqld_stmt_execute' QMYSQL: Unable to execute statement
SQL: SELECT * FROM user WHERE 1=1 ORDER BY user_id DESC LIMIT :limit OFFSET :offset
[2025-08-12 17:14:58] 查询SQL失败: signed integer value is out of range in 'mysqld_stmt_execute' QMYSQL: Unable to execute statement
SQL: SELECT * FROM user WHERE 1=1 ORDER BY user_id DESC LIMIT :limit OFFSET :offset
[2025-08-12 17:14:58] 查询SQL失败: signed integer value is out of range in 'mysqld_stmt_execute' QMYSQL: Unable to execute statement
SQL: SELECT * FROM user WHERE 1=1 ORDER BY user_id DESC LIMIT :limit OFFSET :offset
[2025-08-12 17:14:59] 查询SQL失败: signed integer value is out of range in 'mysqld_stmt_execute' QMYSQL: Unable to execute statement
SQL: SELECT * FROM user WHERE 1=1 ORDER BY user_id DESC LIMIT :limit OFFSET :offset
[2025-08-12 17:15:00] 查询SQL失败: signed integer value is out of range in 'mysqld_stmt_execute' QMYSQL: Unable to execute statement
SQL: SELECT * FROM user WHERE 1=1 ORDER BY user_id DESC LIMIT :limit OFFSET :offset
[2025-08-12 17:15:00] 查询SQL失败: signed integer value is out of range in 'mysqld_stmt_execute' QMYSQL: Unable to execute statement
SQL: SELECT * FROM user WHERE 1=1 ORDER BY user_id DESC LIMIT :limit OFFSET :offset
[2025-08-12 17:15:01] 查询SQL失败: signed integer value is out of range in 'mysqld_stmt_execute' QMYSQL: Unable to execute statement
SQL: SELECT * FROM user WHERE 1=1 ORDER BY user_id DESC LIMIT :limit OFFSET :offset
[2025-08-12 17:15:02] 查询SQL失败: signed integer value is out of range in 'mysqld_stmt_execute' QMYSQL: Unable to execute statement
SQL: SELECT * FROM user WHERE 1=1 ORDER BY user_id DESC LIMIT :limit OFFSET :offset
[2025-08-12 17:15:02] 查询SQL失败: signed integer value is out of range in 'mysqld_stmt_execute' QMYSQL: Unable to execute statement
SQL: SELECT * FROM user WHERE 1=1 ORDER BY user_id DESC LIMIT :limit OFFSET :offset
[2025-08-12 17:15:03] 查询SQL失败: signed integer value is out of range in 'mysqld_stmt_execute' QMYSQL: Unable to execute statement
SQL: SELECT * FROM user WHERE 1=1 ORDER BY user_id DESC LIMIT :limit OFFSET :offset
[2025-08-12 17:15:04] 查询SQL失败: signed integer value is out of range in 'mysqld_stmt_execute' QMYSQL: Unable to execute statement
SQL: SELECT * FROM user WHERE 1=1 ORDER BY user_id DESC LIMIT :limit OFFSET :offset
[2025-08-12 17:15:04] 查询SQL失败: signed integer value is out of range in 'mysqld_stmt_execute' QMYSQL: Unable to execute statement
SQL: SELECT * FROM user WHERE 1=1 ORDER BY user_id DESC LIMIT :limit OFFSET :offset
[2025-08-12 17:15:05] 查询SQL失败: signed integer value is out of range in 'mysqld_stmt_execute' QMYSQL: Unable to execute statement
SQL: SELECT * FROM user WHERE 1=1 ORDER BY user_id DESC LIMIT :limit OFFSET :offset
[2025-08-12 17:15:06] 查询SQL失败: signed integer value is out of range in 'mysqld_stmt_execute' QMYSQL: Unable to execute statement
SQL: SELECT * FROM user WHERE 1=1 ORDER BY user_id DESC LIMIT :limit OFFSET :offset
[2025-08-12 17:15:06] 查询SQL失败: signed integer value is out of range in 'mysqld_stmt_execute' QMYSQL: Unable to execute statement
SQL: SELECT * FROM user WHERE 1=1 ORDER BY user_id DESC LIMIT :limit OFFSET :offset
[2025-08-12 17:15:07] 查询SQL失败: signed integer value is out of range in 'mysqld_stmt_execute' QMYSQL: Unable to execute statement
SQL: SELECT * FROM user WHERE 1=1 ORDER BY user_id DESC LIMIT :limit OFFSET :offset
[2025-08-12 17:15:08] 查询SQL失败: signed integer value is out of range in 'mysqld_stmt_execute' QMYSQL: Unable to execute statement
SQL: SELECT * FROM user WHERE 1=1 ORDER BY user_id DESC LIMIT :limit OFFSET :offset
[2025-08-12 17:15:08] 查询SQL失败: signed integer value is out of range in 'mysqld_stmt_execute' QMYSQL: Unable to execute statement
SQL: SELECT * FROM user WHERE 1=1 ORDER BY user_id DESC LIMIT :limit OFFSET :offset
[2025-08-12 17:15:09] 查询SQL失败: signed integer value is out of range in 'mysqld_stmt_execute' QMYSQL: Unable to execute statement
SQL: SELECT * FROM user WHERE 1=1 ORDER BY user_id DESC LIMIT :limit OFFSET :offset
[2025-08-12 17:15:10] 查询SQL失败: signed integer value is out of range in 'mysqld_stmt_execute' QMYSQL: Unable to execute statement
SQL: SELECT * FROM user WHERE 1=1 ORDER BY user_id DESC LIMIT :limit OFFSET :offset
[2025-08-12 17:15:10] 查询SQL失败: signed integer value is out of range in 'mysqld_stmt_execute' QMYSQL: Unable to execute statement
SQL: SELECT * FROM user WHERE 1=1 ORDER BY user_id DESC LIMIT :limit OFFSET :offset
[2025-08-12 17:15:11] 查询SQL失败: signed integer value is out of range in 'mysqld_stmt_execute' QMYSQL: Unable to execute statement
SQL: SELECT * FROM user WHERE 1=1 ORDER BY user_id DESC LIMIT :limit OFFSET :offset
[2025-08-12 17:15:12] 查询SQL失败: signed integer value is out of range in 'mysqld_stmt_execute' QMYSQL: Unable to execute statement
SQL: SELECT * FROM user WHERE 1=1 ORDER BY user_id DESC LIMIT :limit OFFSET :offset
[2025-08-12 17:15:12] 查询SQL失败: signed integer value is out of range in 'mysqld_stmt_execute' QMYSQL: Unable to execute statement
SQL: SELECT * FROM user WHERE 1=1 ORDER BY user_id DESC LIMIT :limit OFFSET :offset
[2025-08-12 17:22:36] 查询SQL失败: signed integer value is out of range in 'mysqld_stmt_execute' QMYSQL: Unable to execute statement
SQL: SELECT * FROM user WHERE 1=1 ORDER BY user_id DESC LIMIT :limit OFFSET :offset
[2025-08-12 17:22:37] 查询SQL失败: signed integer value is out of range in 'mysqld_stmt_execute' QMYSQL: Unable to execute statement
SQL: SELECT * FROM user WHERE 1=1 ORDER BY user_id DESC LIMIT :limit OFFSET :offset
[2025-08-12 17:22:37] 查询SQL失败: signed integer value is out of range in 'mysqld_stmt_execute' QMYSQL: Unable to execute statement
SQL: SELECT * FROM user WHERE 1=1 ORDER BY user_id DESC LIMIT :limit OFFSET :offset
[2025-08-12 17:22:38] 查询SQL失败: signed integer value is out of range in 'mysqld_stmt_execute' QMYSQL: Unable to execute statement
SQL: SELECT * FROM user WHERE 1=1 ORDER BY user_id DESC LIMIT :limit OFFSET :offset
[2025-08-12 17:22:39] 查询SQL失败: signed integer value is out of range in 'mysqld_stmt_execute' QMYSQL: Unable to execute statement
SQL: SELECT * FROM user WHERE 1=1 ORDER BY user_id DESC LIMIT :limit OFFSET :offset
[2025-08-12 17:22:39] 查询SQL失败: signed integer value is out of range in 'mysqld_stmt_execute' QMYSQL: Unable to execute statement
SQL: SELECT * FROM user WHERE 1=1 ORDER BY user_id DESC LIMIT :limit OFFSET :offset
[2025-08-12 17:22:40] 查询SQL失败: signed integer value is out of range in 'mysqld_stmt_execute' QMYSQL: Unable to execute statement
SQL: SELECT * FROM user WHERE 1=1 ORDER BY user_id DESC LIMIT :limit OFFSET :offset
[2025-08-12 17:22:40] 查询SQL失败: signed integer value is out of range in 'mysqld_stmt_execute' QMYSQL: Unable to execute statement
SQL: SELECT * FROM user WHERE 1=1 ORDER BY user_id DESC LIMIT :limit OFFSET :offset
[2025-08-12 17:22:41] 查询SQL失败: signed integer value is out of range in 'mysqld_stmt_execute' QMYSQL: Unable to execute statement
SQL: SELECT * FROM user WHERE 1=1 ORDER BY user_id DESC LIMIT :limit OFFSET :offset
[2025-08-12 17:22:42] 查询SQL失败: signed integer value is out of range in 'mysqld_stmt_execute' QMYSQL: Unable to execute statement
SQL: SELECT * FROM user WHERE 1=1 ORDER BY user_id DESC LIMIT :limit OFFSET :offset
[2025-08-12 17:22:42] 查询SQL失败: signed integer value is out of range in 'mysqld_stmt_execute' QMYSQL: Unable to execute statement
SQL: SELECT * FROM user WHERE 1=1 ORDER BY user_id DESC LIMIT :limit OFFSET :offset
[2025-08-12 17:22:43] 查询SQL失败: signed integer value is out of range in 'mysqld_stmt_execute' QMYSQL: Unable to execute statement
SQL: SELECT * FROM user WHERE 1=1 ORDER BY user_id DESC LIMIT :limit OFFSET :offset
[2025-08-12 17:22:44] 查询SQL失败: signed integer value is out of range in 'mysqld_stmt_execute' QMYSQL: Unable to execute statement
SQL: SELECT * FROM user WHERE 1=1 ORDER BY user_id DESC LIMIT :limit OFFSET :offset
[2025-08-12 17:22:44] 查询SQL失败: signed integer value is out of range in 'mysqld_stmt_execute' QMYSQL: Unable to execute statement
SQL: SELECT * FROM user WHERE 1=1 ORDER BY user_id DESC LIMIT :limit OFFSET :offset
[2025-08-12 17:22:45] 查询SQL失败: signed integer value is out of range in 'mysqld_stmt_execute' QMYSQL: Unable to execute statement
SQL: SELECT * FROM user WHERE 1=1 ORDER BY user_id DESC LIMIT :limit OFFSET :offset
[2025-08-12 17:22:45] 查询SQL失败: signed integer value is out of range in 'mysqld_stmt_execute' QMYSQL: Unable to execute statement
SQL: SELECT * FROM user WHERE 1=1 ORDER BY user_id DESC LIMIT :limit OFFSET :offset
[2025-08-12 17:22:46] 查询SQL失败: signed integer value is out of range in 'mysqld_stmt_execute' QMYSQL: Unable to execute statement
SQL: SELECT * FROM user WHERE 1=1 ORDER BY user_id DESC LIMIT :limit OFFSET :offset
[2025-08-12 17:22:47] 查询SQL失败: signed integer value is out of range in 'mysqld_stmt_execute' QMYSQL: Unable to execute statement
SQL: SELECT * FROM user WHERE 1=1 ORDER BY user_id DESC LIMIT :limit OFFSET :offset
[2025-08-12 17:22:47] 查询SQL失败: signed integer value is out of range in 'mysqld_stmt_execute' QMYSQL: Unable to execute statement
SQL: SELECT * FROM user WHERE 1=1 ORDER BY user_id DESC LIMIT :limit OFFSET :offset
[2025-08-12 17:22:48] 查询SQL失败: signed integer value is out of range in 'mysqld_stmt_execute' QMYSQL: Unable to execute statement
SQL: SELECT * FROM user WHERE 1=1 ORDER BY user_id DESC LIMIT :limit OFFSET :offset
[2025-08-12 17:22:48] 查询SQL失败: signed integer value is out of range in 'mysqld_stmt_execute' QMYSQL: Unable to execute statement
SQL: SELECT * FROM user WHERE 1=1 ORDER BY user_id DESC LIMIT :limit OFFSET :offset
[2025-08-12 17:22:49] 查询SQL失败: signed integer value is out of range in 'mysqld_stmt_execute' QMYSQL: Unable to execute statement
SQL: SELECT * FROM user WHERE 1=1 ORDER BY user_id DESC LIMIT :limit OFFSET :offset
[2025-08-12 17:22:50] 查询SQL失败: signed integer value is out of range in 'mysqld_stmt_execute' QMYSQL: Unable to execute statement
SQL: SELECT * FROM user WHERE 1=1 ORDER BY user_id DESC LIMIT :limit OFFSET :offset
[2025-08-12 17:22:50] 查询SQL失败: signed integer value is out of range in 'mysqld_stmt_execute' QMYSQL: Unable to execute statement
SQL: SELECT * FROM user WHERE 1=1 ORDER BY user_id DESC LIMIT :limit OFFSET :offset
[2025-08-12 17:22:51] 查询SQL失败: signed integer value is out of range in 'mysqld_stmt_execute' QMYSQL: Unable to execute statement
SQL: SELECT * FROM user WHERE 1=1 ORDER BY user_id DESC LIMIT :limit OFFSET :offset
[2025-08-12 17:22:51] 查询SQL失败: signed integer value is out of range in 'mysqld_stmt_execute' QMYSQL: Unable to execute statement
SQL: SELECT * FROM user WHERE 1=1 ORDER BY user_id DESC LIMIT :limit OFFSET :offset
[2025-08-12 17:22:52] 查询SQL失败: signed integer value is out of range in 'mysqld_stmt_execute' QMYSQL: Unable to execute statement
SQL: SELECT * FROM user WHERE 1=1 ORDER BY user_id DESC LIMIT :limit OFFSET :offset
[2025-08-12 17:22:53] 查询SQL失败: signed integer value is out of range in 'mysqld_stmt_execute' QMYSQL: Unable to execute statement
SQL: SELECT * FROM user WHERE 1=1 ORDER BY user_id DESC LIMIT :limit OFFSET :offset
[2025-08-12 17:22:53] 查询SQL失败: signed integer value is out of range in 'mysqld_stmt_execute' QMYSQL: Unable to execute statement
SQL: SELECT * FROM user WHERE 1=1 ORDER BY user_id DESC LIMIT :limit OFFSET :offset
[2025-08-12 17:22:54] 查询SQL失败: signed integer value is out of range in 'mysqld_stmt_execute' QMYSQL: Unable to execute statement
SQL: SELECT * FROM user WHERE 1=1 ORDER BY user_id DESC LIMIT :limit OFFSET :offset
[2025-08-12 17:22:55] 查询SQL失败: signed integer value is out of range in 'mysqld_stmt_execute' QMYSQL: Unable to execute statement
SQL: SELECT * FROM user WHERE 1=1 ORDER BY user_id DESC LIMIT :limit OFFSET :offset
[2025-08-12 17:22:55] 查询SQL失败: signed integer value is out of range in 'mysqld_stmt_execute' QMYSQL: Unable to execute statement
SQL: SELECT * FROM user WHERE 1=1 ORDER BY user_id DESC LIMIT :limit OFFSET :offset
[2025-08-12 17:22:56] 查询SQL失败: signed integer value is out of range in 'mysqld_stmt_execute' QMYSQL: Unable to execute statement
SQL: SELECT * FROM user WHERE 1=1 ORDER BY user_id DESC LIMIT :limit OFFSET :offset
[2025-08-12 17:22:56] 查询SQL失败: signed integer value is out of range in 'mysqld_stmt_execute' QMYSQL: Unable to execute statement
SQL: SELECT * FROM user WHERE 1=1 ORDER BY user_id DESC LIMIT :limit OFFSET :offset
[2025-08-12 17:22:57] 查询SQL失败: signed integer value is out of range in 'mysqld_stmt_execute' QMYSQL: Unable to execute statement
SQL: SELECT * FROM user WHERE 1=1 ORDER BY user_id DESC LIMIT :limit OFFSET :offset
[2025-08-12 17:22:58] 查询SQL失败: signed integer value is out of range in 'mysqld_stmt_execute' QMYSQL: Unable to execute statement
SQL: SELECT * FROM user WHERE 1=1 ORDER BY user_id DESC LIMIT :limit OFFSET :offset
[2025-08-12 17:22:58] 查询SQL失败: signed integer value is out of range in 'mysqld_stmt_execute' QMYSQL: Unable to execute statement
SQL: SELECT * FROM user WHERE 1=1 ORDER BY user_id DESC LIMIT :limit OFFSET :offset
[2025-08-12 17:22:59] 查询SQL失败: signed integer value is out of range in 'mysqld_stmt_execute' QMYSQL: Unable to execute statement
SQL: SELECT * FROM user WHERE 1=1 ORDER BY user_id DESC LIMIT :limit OFFSET :offset
[2025-08-12 17:22:59] 查询SQL失败: signed integer value is out of range in 'mysqld_stmt_execute' QMYSQL: Unable to execute statement
SQL: SELECT * FROM user WHERE 1=1 ORDER BY user_id DESC LIMIT :limit OFFSET :offset
[2025-08-12 17:23:00] 查询SQL失败: signed integer value is out of range in 'mysqld_stmt_execute' QMYSQL: Unable to execute statement
SQL: SELECT * FROM user WHERE 1=1 ORDER BY user_id DESC LIMIT :limit OFFSET :offset
[2025-08-12 17:23:01] 查询SQL失败: signed integer value is out of range in 'mysqld_stmt_execute' QMYSQL: Unable to execute statement
SQL: SELECT * FROM user WHERE 1=1 ORDER BY user_id DESC LIMIT :limit OFFSET :offset
[2025-08-12 17:23:01] 查询SQL失败: signed integer value is out of range in 'mysqld_stmt_execute' QMYSQL: Unable to execute statement
SQL: SELECT * FROM user WHERE 1=1 ORDER BY user_id DESC LIMIT :limit OFFSET :offset
[2025-08-12 17:23:02] 查询SQL失败: signed integer value is out of range in 'mysqld_stmt_execute' QMYSQL: Unable to execute statement
SQL: SELECT * FROM user WHERE 1=1 ORDER BY user_id DESC LIMIT :limit OFFSET :offset
[2025-08-12 17:23:02] 查询SQL失败: signed integer value is out of range in 'mysqld_stmt_execute' QMYSQL: Unable to execute statement
SQL: SELECT * FROM user WHERE 1=1 ORDER BY user_id DESC LIMIT :limit OFFSET :offset
[2025-08-12 17:23:03] 查询SQL失败: signed integer value is out of range in 'mysqld_stmt_execute' QMYSQL: Unable to execute statement
SQL: SELECT * FROM user WHERE 1=1 ORDER BY user_id DESC LIMIT :limit OFFSET :offset
[2025-08-12 17:23:04] 查询SQL失败: signed integer value is out of range in 'mysqld_stmt_execute' QMYSQL: Unable to execute statement
SQL: SELECT * FROM user WHERE 1=1 ORDER BY user_id DESC LIMIT :limit OFFSET :offset
[2025-08-12 17:23:04] 查询SQL失败: signed integer value is out of range in 'mysqld_stmt_execute' QMYSQL: Unable to execute statement
SQL: SELECT * FROM user WHERE 1=1 ORDER BY user_id DESC LIMIT :limit OFFSET :offset
[2025-08-12 17:23:05] 查询SQL失败: signed integer value is out of range in 'mysqld_stmt_execute' QMYSQL: Unable to execute statement
SQL: SELECT * FROM user WHERE 1=1 ORDER BY user_id DESC LIMIT :limit OFFSET :offset
[2025-08-12 17:23:05] 查询SQL失败: signed integer value is out of range in 'mysqld_stmt_execute' QMYSQL: Unable to execute statement
SQL: SELECT * FROM user WHERE 1=1 ORDER BY user_id DESC LIMIT :limit OFFSET :offset
[2025-08-12 17:23:06] 查询SQL失败: signed integer value is out of range in 'mysqld_stmt_execute' QMYSQL: Unable to execute statement
SQL: SELECT * FROM user WHERE 1=1 ORDER BY user_id DESC LIMIT :limit OFFSET :offset
[2025-08-12 17:23:07] 查询SQL失败: signed integer value is out of range in 'mysqld_stmt_execute' QMYSQL: Unable to execute statement
SQL: SELECT * FROM user WHERE 1=1 ORDER BY user_id DESC LIMIT :limit OFFSET :offset
[2025-08-12 17:23:08] 查询SQL失败: signed integer value is out of range in 'mysqld_stmt_execute' QMYSQL: Unable to execute statement
SQL: SELECT * FROM user WHERE 1=1 ORDER BY user_id DESC LIMIT :limit OFFSET :offset
[2025-08-12 17:23:08] 查询SQL失败: signed integer value is out of range in 'mysqld_stmt_execute' QMYSQL: Unable to execute statement
SQL: SELECT * FROM user WHERE 1=1 ORDER BY user_id DESC LIMIT :limit OFFSET :offset
[2025-08-12 17:23:09] 查询SQL失败: signed integer value is out of range in 'mysqld_stmt_execute' QMYSQL: Unable to execute statement
SQL: SELECT * FROM user WHERE 1=1 ORDER BY user_id DESC LIMIT :limit OFFSET :offset
[2025-08-12 17:23:09] 查询SQL失败: signed integer value is out of range in 'mysqld_stmt_execute' QMYSQL: Unable to execute statement
SQL: SELECT * FROM user WHERE 1=1 ORDER BY user_id DESC LIMIT :limit OFFSET :offset
[2025-08-12 17:23:10] 查询SQL失败: signed integer value is out of range in 'mysqld_stmt_execute' QMYSQL: Unable to execute statement
SQL: SELECT * FROM user WHERE 1=1 ORDER BY user_id DESC LIMIT :limit OFFSET :offset
[2025-08-12 17:23:11] 查询SQL失败: signed integer value is out of range in 'mysqld_stmt_execute' QMYSQL: Unable to execute statement
SQL: SELECT * FROM user WHERE 1=1 ORDER BY user_id DESC LIMIT :limit OFFSET :offset
[2025-08-12 17:23:11] 查询SQL失败: signed integer value is out of range in 'mysqld_stmt_execute' QMYSQL: Unable to execute statement
SQL: SELECT * FROM user WHERE 1=1 ORDER BY user_id DESC LIMIT :limit OFFSET :offset
[2025-08-12 17:23:12] 查询SQL失败: signed integer value is out of range in 'mysqld_stmt_execute' QMYSQL: Unable to execute statement
SQL: SELECT * FROM user WHERE 1=1 ORDER BY user_id DESC LIMIT :limit OFFSET :offset
[2025-08-12 17:23:13] 查询SQL失败: signed integer value is out of range in 'mysqld_stmt_execute' QMYSQL: Unable to execute statement
SQL: SELECT * FROM user WHERE 1=1 ORDER BY user_id DESC LIMIT :limit OFFSET :offset
[2025-08-12 17:23:13] 查询SQL失败: signed integer value is out of range in 'mysqld_stmt_execute' QMYSQL: Unable to execute statement
SQL: SELECT * FROM user WHERE 1=1 ORDER BY user_id DESC LIMIT :limit OFFSET :offset
[2025-08-12 17:23:14] 查询SQL失败: signed integer value is out of range in 'mysqld_stmt_execute' QMYSQL: Unable to execute statement
SQL: SELECT * FROM user WHERE 1=1 ORDER BY user_id DESC LIMIT :limit OFFSET :offset
[2025-08-12 17:23:14] 查询SQL失败: signed integer value is out of range in 'mysqld_stmt_execute' QMYSQL: Unable to execute statement
SQL: SELECT * FROM user WHERE 1=1 ORDER BY user_id DESC LIMIT :limit OFFSET :offset
[2025-08-12 17:23:15] 查询SQL失败: signed integer value is out of range in 'mysqld_stmt_execute' QMYSQL: Unable to execute statement
SQL: SELECT * FROM user WHERE 1=1 ORDER BY user_id DESC LIMIT :limit OFFSET :offset
[2025-08-12 17:23:15] 查询SQL失败: signed integer value is out of range in 'mysqld_stmt_execute' QMYSQL: Unable to execute statement
SQL: SELECT * FROM user WHERE 1=1 ORDER BY user_id DESC LIMIT :limit OFFSET :offset
[2025-08-12 17:23:16] 查询SQL失败: signed integer value is out of range in 'mysqld_stmt_execute' QMYSQL: Unable to execute statement
SQL: SELECT * FROM user WHERE 1=1 ORDER BY user_id DESC LIMIT :limit OFFSET :offset
[2025-08-12 17:23:17] 查询SQL失败: signed integer value is out of range in 'mysqld_stmt_execute' QMYSQL: Unable to execute statement
SQL: SELECT * FROM user WHERE 1=1 ORDER BY user_id DESC LIMIT :limit OFFSET :offset
[2025-08-12 17:23:17] 查询SQL失败: signed integer value is out of range in 'mysqld_stmt_execute' QMYSQL: Unable to execute statement
SQL: SELECT * FROM user WHERE 1=1 ORDER BY user_id DESC LIMIT :limit OFFSET :offset
[2025-08-12 17:23:18] 查询SQL失败: signed integer value is out of range in 'mysqld_stmt_execute' QMYSQL: Unable to execute statement
SQL: SELECT * FROM user WHERE 1=1 ORDER BY user_id DESC LIMIT :limit OFFSET :offset
[2025-08-12 17:23:18] 查询SQL失败: signed integer value is out of range in 'mysqld_stmt_execute' QMYSQL: Unable to execute statement
SQL: SELECT * FROM user WHERE 1=1 ORDER BY user_id DESC LIMIT :limit OFFSET :offset
[2025-08-12 17:23:19] 查询SQL失败: signed integer value is out of range in 'mysqld_stmt_execute' QMYSQL: Unable to execute statement
SQL: SELECT * FROM user WHERE 1=1 ORDER BY user_id DESC LIMIT :limit OFFSET :offset
[2025-08-12 17:23:20] 查询SQL失败: signed integer value is out of range in 'mysqld_stmt_execute' QMYSQL: Unable to execute statement
SQL: SELECT * FROM user WHERE 1=1 ORDER BY user_id DESC LIMIT :limit OFFSET :offset
[2025-08-12 17:23:20] 查询SQL失败: signed integer value is out of range in 'mysqld_stmt_execute' QMYSQL: Unable to execute statement
SQL: SELECT * FROM user WHERE 1=1 ORDER BY user_id DESC LIMIT :limit OFFSET :offset
[2025-08-12 17:23:21] 查询SQL失败: signed integer value is out of range in 'mysqld_stmt_execute' QMYSQL: Unable to execute statement
SQL: SELECT * FROM user WHERE 1=1 ORDER BY user_id DESC LIMIT :limit OFFSET :offset
[2025-08-12 17:23:21] 查询SQL失败: signed integer value is out of range in 'mysqld_stmt_execute' QMYSQL: Unable to execute statement
SQL: SELECT * FROM user WHERE 1=1 ORDER BY user_id DESC LIMIT :limit OFFSET :offset
[2025-08-12 17:23:22] 查询SQL失败: signed integer value is out of range in 'mysqld_stmt_execute' QMYSQL: Unable to execute statement
SQL: SELECT * FROM user WHERE 1=1 ORDER BY user_id DESC LIMIT :limit OFFSET :offset
[2025-08-12 17:23:23] 查询SQL失败: signed integer value is out of range in 'mysqld_stmt_execute' QMYSQL: Unable to execute statement
SQL: SELECT * FROM user WHERE 1=1 ORDER BY user_id DESC LIMIT :limit OFFSET :offset
[2025-08-12 17:23:23] 查询SQL失败: signed integer value is out of range in 'mysqld_stmt_execute' QMYSQL: Unable to execute statement
SQL: SELECT * FROM user WHERE 1=1 ORDER BY user_id DESC LIMIT :limit OFFSET :offset
[2025-08-12 17:23:24] 查询SQL失败: signed integer value is out of range in 'mysqld_stmt_execute' QMYSQL: Unable to execute statement
SQL: SELECT * FROM user WHERE 1=1 ORDER BY user_id DESC LIMIT :limit OFFSET :offset
[2025-08-12 17:23:24] 查询SQL失败: signed integer value is out of range in 'mysqld_stmt_execute' QMYSQL: Unable to execute statement
SQL: SELECT * FROM user WHERE 1=1 ORDER BY user_id DESC LIMIT :limit OFFSET :offset
[2025-08-12 17:23:25] 查询SQL失败: signed integer value is out of range in 'mysqld_stmt_execute' QMYSQL: Unable to execute statement
SQL: SELECT * FROM user WHERE 1=1 ORDER BY user_id DESC LIMIT :limit OFFSET :offset
[2025-08-12 17:23:26] 查询SQL失败: signed integer value is out of range in 'mysqld_stmt_execute' QMYSQL: Unable to execute statement
SQL: SELECT * FROM user WHERE 1=1 ORDER BY user_id DESC LIMIT :limit OFFSET :offset
[2025-08-12 17:23:26] 查询SQL失败: signed integer value is out of range in 'mysqld_stmt_execute' QMYSQL: Unable to execute statement
SQL: SELECT * FROM user WHERE 1=1 ORDER BY user_id DESC LIMIT :limit OFFSET :offset
[2025-08-12 17:23:27] 查询SQL失败: signed integer value is out of range in 'mysqld_stmt_execute' QMYSQL: Unable to execute statement
SQL: SELECT * FROM user WHERE 1=1 ORDER BY user_id DESC LIMIT :limit OFFSET :offset
[2025-08-12 21:47:09] 查询SQL失败: signed integer value is out of range in 'mysqld_stmt_execute' QMYSQL: Unable to execute statement
SQL: SELECT * FROM user WHERE 1=1 ORDER BY user_id DESC LIMIT :limit OFFSET :offset
[2025-08-12 21:47:10] 查询SQL失败: signed integer value is out of range in 'mysqld_stmt_execute' QMYSQL: Unable to execute statement
SQL: SELECT * FROM user WHERE 1=1 ORDER BY user_id DESC LIMIT :limit OFFSET :offset
[2025-08-12 21:47:11] 查询SQL失败: signed integer value is out of range in 'mysqld_stmt_execute' QMYSQL: Unable to execute statement
SQL: SELECT * FROM user WHERE 1=1 ORDER BY user_id DESC LIMIT :limit OFFSET :offset
[2025-08-12 21:47:12] 查询SQL失败: signed integer value is out of range in 'mysqld_stmt_execute' QMYSQL: Unable to execute statement
SQL: SELECT * FROM user WHERE 1=1 ORDER BY user_id DESC LIMIT :limit OFFSET :offset
[2025-08-12 21:47:13] 查询SQL失败: signed integer value is out of range in 'mysqld_stmt_execute' QMYSQL: Unable to execute statement
SQL: SELECT * FROM user WHERE 1=1 ORDER BY user_id DESC LIMIT :limit OFFSET :offset
[2025-08-12 21:47:14] 查询SQL失败: signed integer value is out of range in 'mysqld_stmt_execute' QMYSQL: Unable to execute statement
SQL: SELECT * FROM user WHERE 1=1 ORDER BY user_id DESC LIMIT :limit OFFSET :offset
[2025-08-12 21:47:15] 查询SQL失败: signed integer value is out of range in 'mysqld_stmt_execute' QMYSQL: Unable to execute statement
SQL: SELECT * FROM user WHERE 1=1 ORDER BY user_id DESC LIMIT :limit OFFSET :offset
[2025-08-12 21:47:16] 查询SQL失败: signed integer value is out of range in 'mysqld_stmt_execute' QMYSQL: Unable to execute statement
SQL: SELECT * FROM user WHERE 1=1 ORDER BY user_id DESC LIMIT :limit OFFSET :offset
[2025-08-12 21:47:17] 查询SQL失败: signed integer value is out of range in 'mysqld_stmt_execute' QMYSQL: Unable to execute statement
SQL: SELECT * FROM user WHERE 1=1 ORDER BY user_id DESC LIMIT :limit OFFSET :offset
[2025-08-12 21:47:18] 查询SQL失败: signed integer value is out of range in 'mysqld_stmt_execute' QMYSQL: Unable to execute statement
SQL: SELECT * FROM user WHERE 1=1 ORDER BY user_id DESC LIMIT :limit OFFSET :offset
[2025-08-12 21:47:19] 查询SQL失败: signed integer value is out of range in 'mysqld_stmt_execute' QMYSQL: Unable to execute statement
SQL: SELECT * FROM user WHERE 1=1 ORDER BY user_id DESC LIMIT :limit OFFSET :offset
[2025-08-12 21:47:20] 查询SQL失败: signed integer value is out of range in 'mysqld_stmt_execute' QMYSQL: Unable to execute statement
SQL: SELECT * FROM user WHERE 1=1 ORDER BY user_id DESC LIMIT :limit OFFSET :offset
[2025-08-12 21:47:21] 查询SQL失败: signed integer value is out of range in 'mysqld_stmt_execute' QMYSQL: Unable to execute statement
SQL: SELECT * FROM user WHERE 1=1 ORDER BY user_id DESC LIMIT :limit OFFSET :offset
[2025-08-12 21:47:22] 查询SQL失败: signed integer value is out of range in 'mysqld_stmt_execute' QMYSQL: Unable to execute statement
SQL: SELECT * FROM user WHERE 1=1 ORDER BY user_id DESC LIMIT :limit OFFSET :offset
[2025-08-12 21:47:23] 查询SQL失败: signed integer value is out of range in 'mysqld_stmt_execute' QMYSQL: Unable to execute statement
SQL: SELECT * FROM user WHERE 1=1 ORDER BY user_id DESC LIMIT :limit OFFSET :offset
[2025-08-12 21:47:24] 查询SQL失败: signed integer value is out of range in 'mysqld_stmt_execute' QMYSQL: Unable to execute statement
SQL: SELECT * FROM user WHERE 1=1 ORDER BY user_id DESC LIMIT :limit OFFSET :offset
[2025-08-12 21:47:25] 查询SQL失败: signed integer value is out of range in 'mysqld_stmt_execute' QMYSQL: Unable to execute statement
SQL: SELECT * FROM user WHERE 1=1 ORDER BY user_id DESC LIMIT :limit OFFSET :offset
[2025-08-12 21:47:26] 查询SQL失败: signed integer value is out of range in 'mysqld_stmt_execute' QMYSQL: Unable to execute statement
SQL: SELECT * FROM user WHERE 1=1 ORDER BY user_id DESC LIMIT :limit OFFSET :offset
[2025-08-12 21:47:27] 查询SQL失败: signed integer value is out of range in 'mysqld_stmt_execute' QMYSQL: Unable to execute statement
SQL: SELECT * FROM user WHERE 1=1 ORDER BY user_id DESC LIMIT :limit OFFSET :offset
[2025-08-12 21:47:28] 查询SQL失败: signed integer value is out of range in 'mysqld_stmt_execute' QMYSQL: Unable to execute statement
SQL: SELECT * FROM user WHERE 1=1 ORDER BY user_id DESC LIMIT :limit OFFSET :offset
[2025-08-12 21:47:29] 查询SQL失败: signed integer value is out of range in 'mysqld_stmt_execute' QMYSQL: Unable to execute statement
SQL: SELECT * FROM user WHERE 1=1 ORDER BY user_id DESC LIMIT :limit OFFSET :offset
[2025-08-12 21:47:30] 查询SQL失败: signed integer value is out of range in 'mysqld_stmt_execute' QMYSQL: Unable to execute statement
SQL: SELECT * FROM user WHERE 1=1 ORDER BY user_id DESC LIMIT :limit OFFSET :offset
[2025-08-12 21:47:31] 查询SQL失败: signed integer value is out of range in 'mysqld_stmt_execute' QMYSQL: Unable to execute statement
SQL: SELECT * FROM user WHERE 1=1 ORDER BY user_id DESC LIMIT :limit OFFSET :offset
[2025-08-12 21:47:32] 查询SQL失败: signed integer value is out of range in 'mysqld_stmt_execute' QMYSQL: Unable to execute statement
SQL: SELECT * FROM user WHERE 1=1 ORDER BY user_id DESC LIMIT :limit OFFSET :offset
[2025-08-12 21:47:33] 查询SQL失败: signed integer value is out of range in 'mysqld_stmt_execute' QMYSQL: Unable to execute statement
SQL: SELECT * FROM user WHERE 1=1 ORDER BY user_id DESC LIMIT :limit OFFSET :offset
[2025-08-12 21:47:34] 查询SQL失败: signed integer value is out of range in 'mysqld_stmt_execute' QMYSQL: Unable to execute statement
SQL: SELECT * FROM user WHERE 1=1 ORDER BY user_id DESC LIMIT :limit OFFSET :offset
[2025-08-12 21:47:35] 查询SQL失败: signed integer value is out of range in 'mysqld_stmt_execute' QMYSQL: Unable to execute statement
SQL: SELECT * FROM user WHERE 1=1 ORDER BY user_id DESC LIMIT :limit OFFSET :offset
[2025-08-12 21:47:36] 查询SQL失败: signed integer value is out of range in 'mysqld_stmt_execute' QMYSQL: Unable to execute statement
SQL: SELECT * FROM user WHERE 1=1 ORDER BY user_id DESC LIMIT :limit OFFSET :offset
[2025-08-12 21:47:37] 查询SQL失败: signed integer value is out of range in 'mysqld_stmt_execute' QMYSQL: Unable to execute statement
SQL: SELECT * FROM user WHERE 1=1 ORDER BY user_id DESC LIMIT :limit OFFSET :offset
[2025-08-12 21:47:38] 查询SQL失败: signed integer value is out of range in 'mysqld_stmt_execute' QMYSQL: Unable to execute statement
SQL: SELECT * FROM user WHERE 1=1 ORDER BY user_id DESC LIMIT :limit OFFSET :offset
[2025-08-12 21:47:39] 查询SQL失败: signed integer value is out of range in 'mysqld_stmt_execute' QMYSQL: Unable to execute statement
SQL: SELECT * FROM user WHERE 1=1 ORDER BY user_id DESC LIMIT :limit OFFSET :offset
[2025-08-12 21:47:40] 查询SQL失败: signed integer value is out of range in 'mysqld_stmt_execute' QMYSQL: Unable to execute statement
SQL: SELECT * FROM user WHERE 1=1 ORDER BY user_id DESC LIMIT :limit OFFSET :offset
[2025-08-12 21:47:41] 查询SQL失败: signed integer value is out of range in 'mysqld_stmt_execute' QMYSQL: Unable to execute statement
SQL: SELECT * FROM user WHERE 1=1 ORDER BY user_id DESC LIMIT :limit OFFSET :offset
[2025-08-12 21:47:42] 查询SQL失败: signed integer value is out of range in 'mysqld_stmt_execute' QMYSQL: Unable to execute statement
SQL: SELECT * FROM user WHERE 1=1 ORDER BY user_id DESC LIMIT :limit OFFSET :offset
[2025-08-12 21:47:43] 查询SQL失败: signed integer value is out of range in 'mysqld_stmt_execute' QMYSQL: Unable to execute statement
SQL: SELECT * FROM user WHERE 1=1 ORDER BY user_id DESC LIMIT :limit OFFSET :offset
[2025-08-12 21:47:44] 查询SQL失败: signed integer value is out of range in 'mysqld_stmt_execute' QMYSQL: Unable to execute statement
SQL: SELECT * FROM user WHERE 1=1 ORDER BY user_id DESC LIMIT :limit OFFSET :offset
[2025-08-12 21:47:45] 查询SQL失败: signed integer value is out of range in 'mysqld_stmt_execute' QMYSQL: Unable to execute statement
SQL: SELECT * FROM user WHERE 1=1 ORDER BY user_id DESC LIMIT :limit OFFSET :offset
[2025-08-12 21:47:46] 查询SQL失败: signed integer value is out of range in 'mysqld_stmt_execute' QMYSQL: Unable to execute statement
SQL: SELECT * FROM user WHERE 1=1 ORDER BY user_id DESC LIMIT :limit OFFSET :offset
[2025-08-12 21:47:47] 查询SQL失败: signed integer value is out of range in 'mysqld_stmt_execute' QMYSQL: Unable to execute statement
SQL: SELECT * FROM user WHERE 1=1 ORDER BY user_id DESC LIMIT :limit OFFSET :offset
[2025-08-12 21:47:48] 查询SQL失败: signed integer value is out of range in 'mysqld_stmt_execute' QMYSQL: Unable to execute statement
SQL: SELECT * FROM user WHERE 1=1 ORDER BY user_id DESC LIMIT :limit OFFSET :offset
[2025-08-12 21:47:49] 查询SQL失败: signed integer value is out of range in 'mysqld_stmt_execute' QMYSQL: Unable to execute statement
SQL: SELECT * FROM user WHERE 1=1 ORDER BY user_id DESC LIMIT :limit OFFSET :offset
[2025-08-12 21:47:50] 查询SQL失败: signed integer value is out of range in 'mysqld_stmt_execute' QMYSQL: Unable to execute statement
SQL: SELECT * FROM user WHERE 1=1 ORDER BY user_id DESC LIMIT :limit OFFSET :offset
[2025-08-12 21:47:51] 查询SQL失败: signed integer value is out of range in 'mysqld_stmt_execute' QMYSQL: Unable to execute statement
SQL: SELECT * FROM user WHERE 1=1 ORDER BY user_id DESC LIMIT :limit OFFSET :offset
[2025-08-12 21:47:52] 查询SQL失败: signed integer value is out of range in 'mysqld_stmt_execute' QMYSQL: Unable to execute statement
SQL: SELECT * FROM user WHERE 1=1 ORDER BY user_id DESC LIMIT :limit OFFSET :offset
[2025-08-12 21:47:53] 查询SQL失败: signed integer value is out of range in 'mysqld_stmt_execute' QMYSQL: Unable to execute statement
SQL: SELECT * FROM user WHERE 1=1 ORDER BY user_id DESC LIMIT :limit OFFSET :offset
[2025-08-12 21:47:54] 查询SQL失败: signed integer value is out of range in 'mysqld_stmt_execute' QMYSQL: Unable to execute statement
SQL: SELECT * FROM user WHERE 1=1 ORDER BY user_id DESC LIMIT :limit OFFSET :offset
[2025-08-12 21:47:55] 查询SQL失败: signed integer value is out of range in 'mysqld_stmt_execute' QMYSQL: Unable to execute statement
SQL: SELECT * FROM user WHERE 1=1 ORDER BY user_id DESC LIMIT :limit OFFSET :offset
[2025-08-12 21:47:56] 查询SQL失败: signed integer value is out of range in 'mysqld_stmt_execute' QMYSQL: Unable to execute statement
SQL: SELECT * FROM user WHERE 1=1 ORDER BY user_id DESC LIMIT :limit OFFSET :offset
[2025-08-12 21:47:57] 查询SQL失败: signed integer value is out of range in 'mysqld_stmt_execute' QMYSQL: Unable to execute statement
SQL: SELECT * FROM user WHERE 1=1 ORDER BY user_id DESC LIMIT :limit OFFSET :offset
[2025-08-12 21:48:59] 查询SQL失败: signed integer value is out of range in 'mysqld_stmt_execute' QMYSQL: Unable to execute statement
SQL: SELECT * FROM user WHERE 1=1 ORDER BY user_id DESC LIMIT :limit OFFSET :offset
[2025-08-12 21:49:01] 查询SQL失败: signed integer value is out of range in 'mysqld_stmt_execute' QMYSQL: Unable to execute statement
SQL: SELECT * FROM user WHERE 1=1 ORDER BY user_id DESC LIMIT :limit OFFSET :offset
[2025-08-12 21:49:02] 查询SQL失败: signed integer value is out of range in 'mysqld_stmt_execute' QMYSQL: Unable to execute statement
SQL: SELECT * FROM user WHERE 1=1 ORDER BY user_id DESC LIMIT :limit OFFSET :offset
[2025-08-12 21:49:04] 查询SQL失败: signed integer value is out of range in 'mysqld_stmt_execute' QMYSQL: Unable to execute statement
SQL: SELECT * FROM user WHERE 1=1 ORDER BY user_id DESC LIMIT :limit OFFSET :offset
[2025-08-12 21:49:05] 查询SQL失败: signed integer value is out of range in 'mysqld_stmt_execute' QMYSQL: Unable to execute statement
SQL: SELECT * FROM user WHERE 1=1 ORDER BY user_id DESC LIMIT :limit OFFSET :offset
[2025-08-12 21:49:07] 查询SQL失败: signed integer value is out of range in 'mysqld_stmt_execute' QMYSQL: Unable to execute statement
SQL: SELECT * FROM user WHERE 1=1 ORDER BY user_id DESC LIMIT :limit OFFSET :offset
[2025-08-12 21:49:08] 查询SQL失败: signed integer value is out of range in 'mysqld_stmt_execute' QMYSQL: Unable to execute statement
SQL: SELECT * FROM user WHERE 1=1 ORDER BY user_id DESC LIMIT :limit OFFSET :offset
[2025-08-12 21:49:10] 查询SQL失败: signed integer value is out of range in 'mysqld_stmt_execute' QMYSQL: Unable to execute statement
SQL: SELECT * FROM user WHERE 1=1 ORDER BY user_id DESC LIMIT :limit OFFSET :offset
[2025-08-12 21:49:11] 查询SQL失败: signed integer value is out of range in 'mysqld_stmt_execute' QMYSQL: Unable to execute statement
SQL: SELECT * FROM user WHERE 1=1 ORDER BY user_id DESC LIMIT :limit OFFSET :offset
[2025-08-12 21:49:12] 查询SQL失败: signed integer value is out of range in 'mysqld_stmt_execute' QMYSQL: Unable to execute statement
SQL: SELECT * FROM user WHERE 1=1 ORDER BY user_id DESC LIMIT :limit OFFSET :offset
[2025-08-12 21:49:14] 查询SQL失败: signed integer value is out of range in 'mysqld_stmt_execute' QMYSQL: Unable to execute statement
SQL: SELECT * FROM user WHERE 1=1 ORDER BY user_id DESC LIMIT :limit OFFSET :offset
[2025-08-12 21:49:15] 查询SQL失败: signed integer value is out of range in 'mysqld_stmt_execute' QMYSQL: Unable to execute statement
SQL: SELECT * FROM user WHERE 1=1 ORDER BY user_id DESC LIMIT :limit OFFSET :offset
[2025-08-12 21:49:16] 查询SQL失败: signed integer value is out of range in 'mysqld_stmt_execute' QMYSQL: Unable to execute statement
SQL: SELECT * FROM user WHERE 1=1 ORDER BY user_id DESC LIMIT :limit OFFSET :offset
[2025-08-12 21:49:17] 查询SQL失败: signed integer value is out of range in 'mysqld_stmt_execute' QMYSQL: Unable to execute statement
SQL: SELECT * FROM user WHERE 1=1 ORDER BY user_id DESC LIMIT :limit OFFSET :offset
[2025-08-12 21:49:19] 查询SQL失败: signed integer value is out of range in 'mysqld_stmt_execute' QMYSQL: Unable to execute statement
SQL: SELECT * FROM user WHERE 1=1 ORDER BY user_id DESC LIMIT :limit OFFSET :offset
[2025-08-12 21:49:20] 查询SQL失败: signed integer value is out of range in 'mysqld_stmt_execute' QMYSQL: Unable to execute statement
SQL: SELECT * FROM user WHERE 1=1 ORDER BY user_id DESC LIMIT :limit OFFSET :offset
[2025-08-12 21:49:21] 查询SQL失败: signed integer value is out of range in 'mysqld_stmt_execute' QMYSQL: Unable to execute statement
SQL: SELECT * FROM user WHERE 1=1 ORDER BY user_id DESC LIMIT :limit OFFSET :offset
[2025-08-12 21:49:23] 查询SQL失败: signed integer value is out of range in 'mysqld_stmt_execute' QMYSQL: Unable to execute statement
SQL: SELECT * FROM user WHERE 1=1 ORDER BY user_id DESC LIMIT :limit OFFSET :offset
[2025-08-12 21:49:24] 查询SQL失败: signed integer value is out of range in 'mysqld_stmt_execute' QMYSQL: Unable to execute statement
SQL: SELECT * FROM user WHERE 1=1 ORDER BY user_id DESC LIMIT :limit OFFSET :offset
[2025-08-12 21:49:25] 查询SQL失败: signed integer value is out of range in 'mysqld_stmt_execute' QMYSQL: Unable to execute statement
SQL: SELECT * FROM user WHERE 1=1 ORDER BY user_id DESC LIMIT :limit OFFSET :offset
[2025-08-12 21:49:26] 查询SQL失败: signed integer value is out of range in 'mysqld_stmt_execute' QMYSQL: Unable to execute statement
SQL: SELECT * FROM user WHERE 1=1 ORDER BY user_id DESC LIMIT :limit OFFSET :offset
[2025-08-12 21:49:28] 查询SQL失败: signed integer value is out of range in 'mysqld_stmt_execute' QMYSQL: Unable to execute statement
SQL: SELECT * FROM user WHERE 1=1 ORDER BY user_id DESC LIMIT :limit OFFSET :offset
[2025-08-12 21:49:29] 查询SQL失败: signed integer value is out of range in 'mysqld_stmt_execute' QMYSQL: Unable to execute statement
SQL: SELECT * FROM user WHERE 1=1 ORDER BY user_id DESC LIMIT :limit OFFSET :offset
[2025-08-12 21:49:30] 查询SQL失败: signed integer value is out of range in 'mysqld_stmt_execute' QMYSQL: Unable to execute statement
SQL: SELECT * FROM user WHERE 1=1 ORDER BY user_id DESC LIMIT :limit OFFSET :offset
[2025-08-12 21:49:32] 查询SQL失败: signed integer value is out of range in 'mysqld_stmt_execute' QMYSQL: Unable to execute statement
SQL: SELECT * FROM user WHERE 1=1 ORDER BY user_id DESC LIMIT :limit OFFSET :offset
[2025-08-12 21:49:33] 查询SQL失败: signed integer value is out of range in 'mysqld_stmt_execute' QMYSQL: Unable to execute statement
SQL: SELECT * FROM user WHERE 1=1 ORDER BY user_id DESC LIMIT :limit OFFSET :offset
[2025-08-12 21:49:34] 查询SQL失败: signed integer value is out of range in 'mysqld_stmt_execute' QMYSQL: Unable to execute statement
SQL: SELECT * FROM user WHERE 1=1 ORDER BY user_id DESC LIMIT :limit OFFSET :offset
[2025-08-12 21:49:35] 查询SQL失败: signed integer value is out of range in 'mysqld_stmt_execute' QMYSQL: Unable to execute statement
SQL: SELECT * FROM user WHERE 1=1 ORDER BY user_id DESC LIMIT :limit OFFSET :offset
[2025-08-12 21:49:37] 查询SQL失败: signed integer value is out of range in 'mysqld_stmt_execute' QMYSQL: Unable to execute statement
SQL: SELECT * FROM user WHERE 1=1 ORDER BY user_id DESC LIMIT :limit OFFSET :offset
[2025-08-12 21:49:38] 查询SQL失败: signed integer value is out of range in 'mysqld_stmt_execute' QMYSQL: Unable to execute statement
SQL: SELECT * FROM user WHERE 1=1 ORDER BY user_id DESC LIMIT :limit OFFSET :offset
[2025-08-12 21:49:39] 查询SQL失败: signed integer value is out of range in 'mysqld_stmt_execute' QMYSQL: Unable to execute statement
SQL: SELECT * FROM user WHERE 1=1 ORDER BY user_id DESC LIMIT :limit OFFSET :offset
[2025-08-12 21:49:40] 查询SQL失败: signed integer value is out of range in 'mysqld_stmt_execute' QMYSQL: Unable to execute statement
SQL: SELECT * FROM user WHERE 1=1 ORDER BY user_id DESC LIMIT :limit OFFSET :offset
[2025-08-12 21:49:42] 查询SQL失败: signed integer value is out of range in 'mysqld_stmt_execute' QMYSQL: Unable to execute statement
SQL: SELECT * FROM user WHERE 1=1 ORDER BY user_id DESC LIMIT :limit OFFSET :offset
[2025-08-12 21:49:43] 查询SQL失败: signed integer value is out of range in 'mysqld_stmt_execute' QMYSQL: Unable to execute statement
SQL: SELECT * FROM user WHERE 1=1 ORDER BY user_id DESC LIMIT :limit OFFSET :offset
[2025-08-12 21:49:44] 查询SQL失败: signed integer value is out of range in 'mysqld_stmt_execute' QMYSQL: Unable to execute statement
SQL: SELECT * FROM user WHERE 1=1 ORDER BY user_id DESC LIMIT :limit OFFSET :offset
[2025-08-12 21:49:45] 查询SQL失败: signed integer value is out of range in 'mysqld_stmt_execute' QMYSQL: Unable to execute statement
SQL: SELECT * FROM user WHERE 1=1 ORDER BY user_id DESC LIMIT :limit OFFSET :offset
[2025-08-12 21:49:47] 查询SQL失败: signed integer value is out of range in 'mysqld_stmt_execute' QMYSQL: Unable to execute statement
SQL: SELECT * FROM user WHERE 1=1 ORDER BY user_id DESC LIMIT :limit OFFSET :offset
[2025-08-12 21:49:48] 查询SQL失败: signed integer value is out of range in 'mysqld_stmt_execute' QMYSQL: Unable to execute statement
SQL: SELECT * FROM user WHERE 1=1 ORDER BY user_id DESC LIMIT :limit OFFSET :offset
[2025-08-12 21:49:49] 查询SQL失败: signed integer value is out of range in 'mysqld_stmt_execute' QMYSQL: Unable to execute statement
SQL: SELECT * FROM user WHERE 1=1 ORDER BY user_id DESC LIMIT :limit OFFSET :offset
[2025-08-12 21:49:50] 查询SQL失败: signed integer value is out of range in 'mysqld_stmt_execute' QMYSQL: Unable to execute statement
SQL: SELECT * FROM user WHERE 1=1 ORDER BY user_id DESC LIMIT :limit OFFSET :offset
[2025-08-12 21:49:52] 查询SQL失败: signed integer value is out of range in 'mysqld_stmt_execute' QMYSQL: Unable to execute statement
SQL: SELECT * FROM user WHERE 1=1 ORDER BY user_id DESC LIMIT :limit OFFSET :offset
[2025-08-12 21:49:53] 查询SQL失败: signed integer value is out of range in 'mysqld_stmt_execute' QMYSQL: Unable to execute statement
SQL: SELECT * FROM user WHERE 1=1 ORDER BY user_id DESC LIMIT :limit OFFSET :offset
[2025-08-12 21:49:54] 查询SQL失败: signed integer value is out of range in 'mysqld_stmt_execute' QMYSQL: Unable to execute statement
SQL: SELECT * FROM user WHERE 1=1 ORDER BY user_id DESC LIMIT :limit OFFSET :offset
[2025-08-12 21:49:55] 查询SQL失败: signed integer value is out of range in 'mysqld_stmt_execute' QMYSQL: Unable to execute statement
SQL: SELECT * FROM user WHERE 1=1 ORDER BY user_id DESC LIMIT :limit OFFSET :offset
[2025-08-13 10:49:09] 执行SQL失败: Cannot delete or update a parent row: a foreign key constraint fails (`unmanned_test`.`test_item`, CONSTRAINT `fk_task_id` FOREIGN KEY (`task_id`) REFERENCES `test_task` (`task_id`) ON DELETE RESTRICT ON UPDATE RESTRICT) QMYSQL: Unable to execute statement
SQL: DELETE FROM test_task WHERE task_id = :taskId
